\BOOKMARK [1][-]{section.1}{\376\377\217\333\136\246\151\202\217\360}{}% 1
\BOOKMARK [1][-]{section.2}{\376\377\116\221\147\015\122\241\126\150\144\055\136\372}{}% 2
\BOOKMARK [2][-]{subsection.2.1}{\376\377\116\221\147\015\122\241\126\150\166\204\215\055\116\160\116\016\166\173\137\125}{section.2}% 3
\BOOKMARK [2][-]{subsection.2.2}{\376\377\117\177\165\050\000S\000S\000H\133\306\224\245\166\173\137\125\116\221\147\015\122\241\126\150}{section.2}% 4
\BOOKMARK [2][-]{subsection.2.3}{\376\377\116\221\147\015\122\241\126\150\172\357\215\104\156\220\133\211\210\305}{section.2}% 5
\BOOKMARK [3][-]{subsubsection.2.3.1}{\376\377\000P\000y\000t\000h\000o\000n\133\211\210\305}{subsection.2.3}% 6
\BOOKMARK [3][-]{subsubsection.2.3.2}{\376\377\000P\000y\000t\000h\000o\000n\206\132\142\337\163\257\130\203\124\214\000P\000y\000t\000h\000o\000n\136\223\133\211\210\305}{subsection.2.3}% 7
\BOOKMARK [1][-]{section.3}{\376\377\147\015\122\241\126\150\172\357\172\013\136\217\177\026\121\231}{}% 8
\BOOKMARK [2][-]{subsection.3.1}{\376\377\000T\000C\000P\220\032\213\257\172\013\136\217}{section.3}% 9
\BOOKMARK [2][-]{subsection.3.2}{\376\377\000H\000T\000T\000P\220\032\213\257\172\013\136\217}{section.3}% 10
\BOOKMARK [1][-]{section.4}{\376\377\0004\000G\152\041\127\127\166\204\117\177\165\050}{}% 11
\BOOKMARK [2][-]{subsection.4.1}{\376\377\177\121\176\334\220\017\117\040\152\041\137\017}{section.4}% 12
\BOOKMARK [2][-]{subsection.4.2}{\376\377\000H\000T\000T\000P\000D\152\041\137\017}{section.4}% 13
\BOOKMARK [1][-]{section.5}{\376\377\000P\000C\172\357\116\062\123\343\172\013\136\217\177\026\121\231}{}% 14
\BOOKMARK [1][-]{section.6}{\376\377\127\050\147\054\127\060\000P\000C\117\177\165\050\142\223\123\005\217\157\116\366\217\333\210\114\214\003\213\325}{}% 15
\BOOKMARK [1][-]{section.7}{\376\377\124\016\176\355\213\241\122\022}{}% 16
\BOOKMARK [2][-]{subsection.7.1}{\376\377\153\143\137\046\145\160\143\156\160\271\166\204\165\037\142\020\116\016\123\321\220\001}{section.7}% 17
\BOOKMARK [2][-]{subsection.7.2}{\376\377\147\015\122\241\126\150\172\357\145\160\143\156\160\271\166\204\143\245\145\066}{section.7}% 18
\BOOKMARK [2][-]{subsection.7.3}{\376\377\147\015\122\241\126\150\172\357\145\160\143\156\131\004\164\006}{section.7}% 19
\BOOKMARK [2][-]{subsection.7.4}{\376\377\147\015\122\241\126\150\172\357\145\160\143\156\166\204\133\130\120\250\116\016\213\277\225\356}{section.7}% 20
